[debug] [2022-10-14T23:22:56.173Z] ----------------------------------------------------------------------
[debug] [2022-10-14T23:22:56.175Z] Command:       C:\Program Files\nodejs\node.exe C:\Users\USER\AppData\Roaming\npm\node_modules\firebase-tools\lib\bin\firebase.js init
[debug] [2022-10-14T23:22:56.176Z] CLI Version:   11.8.0
[debug] [2022-10-14T23:22:56.176Z] Platform:      win32
[debug] [2022-10-14T23:22:56.176Z] Node Version:  v16.15.1
[debug] [2022-10-14T23:22:56.176Z] Time:          Sat Oct 15 2022 00:22:56 GMT+0100 (British Summer Time)
[debug] [2022-10-14T23:22:56.177Z] ----------------------------------------------------------------------
[debug] 
[debug] [2022-10-14T23:22:56.184Z] > command requires scopes: ["email","openid","https://www.googleapis.com/auth/cloudplatformprojects.readonly","https://www.googleapis.com/auth/firebase","https://www.googleapis.com/auth/cloud-platform"]
[debug] [2022-10-14T23:22:56.184Z] > authorizing via signed-in user (ozoekwetoochukwu@gmail.com)
[info] 
     ######## #### ########  ######## ########     ###     ######  ########
     ##        ##  ##     ## ##       ##     ##  ##   ##  ##       ##
     ######    ##  ########  ######   ########  #########  ######  ######
     ##        ##  ##    ##  ##       ##     ## ##     ##       ## ##
     ##       #### ##     ## ######## ########  ##     ##  ######  ########

You're about to initialize a Firebase project in this directory:

  C:\Users\USER\Videos\Captures\youtube-clone\youtube

[info] 
=== Project Setup
[info] 
[info] First, let's associate this project directory with a Firebase project.
[info] You can create multiple project aliases by running firebase use --add, 
[info] but for now we'll just set up a default project.
[info] 
[debug] [2022-10-14T23:23:43.015Z] > refreshing access token with scopes: []
[debug] [2022-10-14T23:23:43.017Z] >>> [apiv2][query] POST https://www.googleapis.com/oauth2/v3/token [none]
[debug] [2022-10-14T23:23:43.017Z] >>> [apiv2][body] POST https://www.googleapis.com/oauth2/v3/token [omitted]
[debug] [2022-10-14T23:23:43.577Z] <<< [apiv2][status] POST https://www.googleapis.com/oauth2/v3/token 200
[debug] [2022-10-14T23:23:43.577Z] <<< [apiv2][body] POST https://www.googleapis.com/oauth2/v3/token [omitted]
[debug] [2022-10-14T23:23:43.602Z] >>> [apiv2][query] GET https://firebase.googleapis.com/v1beta1/projects pageSize=100
[debug] [2022-10-14T23:23:44.300Z] <<< [apiv2][status] GET https://firebase.googleapis.com/v1beta1/projects 200
[debug] [2022-10-14T23:23:44.301Z] <<< [apiv2][body] GET https://firebase.googleapis.com/v1beta1/projects [omitted]
[info] i  Using project clone-400d9 (Youtube-Clone) 
[info] 
=== Hosting Setup
[info] 
[info] Your public directory is the folder (relative to your project directory) that
[info] will contain Hosting assets to be uploaded with firebase deploy. If you
[info] have a build process for your assets, use your build's output directory.
[info] 
[debug] [2022-10-14T23:27:01.938Z] >>> [apiv2][query] GET https://www.gstatic.com/firebasejs/releases.json [none]
[debug] [2022-10-14T23:27:02.457Z] <<< [apiv2][status] GET https://www.gstatic.com/firebasejs/releases.json 200
[debug] [2022-10-14T23:27:02.458Z] <<< [apiv2][body] GET https://www.gstatic.com/firebasejs/releases.json {"current":{"version":"9.12.1","browserURL":"https://www.gstatic.com/firebasejs/9.12.1/firebase.js","packageURL":"https://www.gstatic.com/firebasejs/9.12.1/firebase.tgz"},"live":{"version":"9.12","browserURL":"https://www.gstatic.com/firebasejs/live/9.12/firebase.js","packageURL":"https://www.gstatic.com/firebasejs/live/9.12/firebase.tgz"},"components":{"analytics":"https://www.gstatic.com/firebasejs/9.12.1/firebase-analytics.js","app":"https://www.gstatic.com/firebasejs/9.12.1/firebase-app.js","app-check":"https://www.gstatic.com/firebasejs/9.12.1/firebase-app-check.js","auth":"https://www.gstatic.com/firebasejs/9.12.1/firebase-auth.js","auth/cordova":"https://www.gstatic.com/firebasejs/9.12.1/firebase-auth/cordova.js","auth/react-native":"https://www.gstatic.com/firebasejs/9.12.1/firebase-auth/react-native.js","functions":"https://www.gstatic.com/firebasejs/9.12.1/firebase-functions.js","firestore":"https://www.gstatic.com/firebasejs/9.12.1/firebase-firestore.js","firestore/lite":"https://www.gstatic.com/firebasejs/9.12.1/firebase-firestore/lite.js","installations":"https://www.gstatic.com/firebasejs/9.12.1/firebase-installations.js","storage":"https://www.gstatic.com/firebasejs/9.12.1/firebase-storage.js","performance":"https://www.gstatic.com/firebasejs/9.12.1/firebase-performance.js","remote-config":"https://www.gstatic.com/firebasejs/9.12.1/firebase-remote-config.js","messaging":"https://www.gstatic.com/firebasejs/9.12.1/firebase-messaging.js","messaging/sw":"https://www.gstatic.com/firebasejs/9.12.1/firebase-messaging/sw.js","database":"https://www.gstatic.com/firebasejs/9.12.1/firebase-database.js","firestore.memory":"https://www.gstatic.com/firebasejs/9.12.1/firebase-firestore.memory.js"}}
[info] +  Wrote youtube-clone/index.html 
[info] 
[info] i  Detected a .git folder at C:\Users\USER\Videos\Captures\youtube-clone\youtube 
[info] i  Authorizing with GitHub to upload your service account to a GitHub repository's secrets store. 
[info] 
[info] Visit this URL on this device to log in:
[info] https://github.com/login/oauth/authorize?client_id=89cf50f02ac6aaed3484&state=644278091&redirect_uri=http%3A%2F%2Flocalhost%3A9005&scope=read%3Auser%20repo%20public_repo
[info] 
[info] Waiting for authentication...
[debug] [2022-10-14T23:27:12.623Z] >>> [apiv2][query] POST https://github.com/login/oauth/access_token [none]
[debug] [2022-10-14T23:27:12.623Z] >>> [apiv2][body] POST https://github.com/login/oauth/access_token [stream]
[debug] [2022-10-14T23:27:13.066Z] <<< [apiv2][status] POST https://github.com/login/oauth/access_token 200
[debug] [2022-10-14T23:27:13.066Z] <<< [apiv2][body] POST https://github.com/login/oauth/access_token {"access_token":"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","token_type":"bearer","scope":"read:user,repo"}
[debug] [2022-10-14T23:27:13.082Z] >>> [apiv2][query] GET https://api.github.com/user [none]
[debug] [2022-10-14T23:27:13.465Z] <<< [apiv2][status] GET https://api.github.com/user 200
[debug] [2022-10-14T23:27:13.465Z] <<< [apiv2][body] GET https://api.github.com/user {"login":"Blake250","id":89995961,"node_id":"MDQ6VXNlcjg5OTk1OTYx","avatar_url":"https://avatars.githubusercontent.com/u/89995961?v=4","gravatar_id":"","url":"https://api.github.com/users/Blake250","html_url":"https://github.com/Blake250","followers_url":"https://api.github.com/users/Blake250/followers","following_url":"https://api.github.com/users/Blake250/following{/other_user}","gists_url":"https://api.github.com/users/Blake250/gists{/gist_id}","starred_url":"https://api.github.com/users/Blake250/starred{/owner}{/repo}","subscriptions_url":"https://api.github.com/users/Blake250/subscriptions","organizations_url":"https://api.github.com/users/Blake250/orgs","repos_url":"https://api.github.com/users/Blake250/repos","events_url":"https://api.github.com/users/Blake250/events{/privacy}","received_events_url":"https://api.github.com/users/Blake250/received_events","type":"User","site_admin":false,"name":"Christian","company":null,"blog":"","location":"Portugal","email":null,"hireable":null,"bio":"my name is Christian from Nigeria, and I am base in Portugal , I am a junior front end developer still working on getting more knowledge and experience","twitter_username":null,"public_repos":4,"public_gists":0,"followers":0,"following":1,"created_at":"2021-09-02T16:34:49Z","updated_at":"2022-10-14T23:27:07Z","private_gists":0,"total_private_repos":0,"owned_private_repos":0,"disk_usage":20759,"collaborators":0,"two_factor_authentication":false,"plan":{"name":"free","space":976562499,"collaborators":0,"private_repos":10000}}
[info] 
[info] +  Success! Logged into GitHub as Blake250 
[info] 
